<?xml version="1.0" encoding="UTF-8"?>
<!-- Generated by org.testng.reporters.JUnitXMLReporter -->
<testsuite ignored="1" hostname="DELL-PC" failures="1" tests="1" name="Test" time="3.645" errors="0" timestamp="2023-01-10T12:15:48 IST">
  <testcase classname="swaglab_TestScripts.Additems_test" name="additems" time="3.53">
    <failure type="java.lang.NullPointerException" message="Cannot invoke &amp;quot;org.openqa.selenium.SearchContext.findElement(org.openqa.selenium.By)&amp;quot; because &amp;quot;this.searchContext&amp;quot; is null">
      <![CDATA[java.lang.NullPointerException: Cannot invoke "org.openqa.selenium.SearchContext.findElement(org.openqa.selenium.By)" because "this.searchContext" is null
at org.openqa.selenium.support.pagefactory.DefaultElementLocator.findElement(DefaultElementLocator.java:70)
at org.openqa.selenium.support.pagefactory.internal.LocatingElementHandler.invoke(LocatingElementHandler.java:39)
at jdk.proxy2/jdk.proxy2.$Proxy13.click(Unknown Source)
at pomclasses.HomePage.addshirt(HomePage.java:22)
at swaglab_TestScripts.Additems_test.additems(Additems_test.java:33)
at java.base/java.util.ArrayList.forEach(ArrayList.java:1511)
... Removed 27 stack frames]]>
    </failure>
  </testcase> <!-- additems -->
  <testcase classname="swaglab_TestScripts.Additems_test" name="printElements" time="0.0">
    <ignored/>
  </testcase> <!-- printElements -->
</testsuite> <!-- Test -->
